\BOOKMARK [0][-]{chapter.1}{\376\377\144\034\175\042}{}% 1
\BOOKMARK [1][-]{section.1.1}{\376\377\000D\000a\000n\000c\000i\000n\000g\000\040\000L\000i\000n\000k\000s}{chapter.1}% 2
\BOOKMARK [1][-]{section.1.2}{\376\377\000-\000\040\122\152\147\235}{chapter.1}% 3
\BOOKMARK [0][-]{chapter.2}{\376\377\133\127\173\046\116\062}{}% 4
\BOOKMARK [1][-]{section.2.1}{\376\377\000K\000M\000P}{chapter.2}% 5
\BOOKMARK [1][-]{section.2.2}{\376\377\000Z\000-\000f\000u\000n\000c\000t\000i\000o\000n}{chapter.2}% 6
\BOOKMARK [1][-]{section.2.3}{\376\377\000A\000C\000\040\201\352\122\250\147\072}{chapter.2}% 7
\BOOKMARK [0][-]{chapter.3}{\376\377\145\160\133\146}{}% 8
\BOOKMARK [1][-]{section.3.1}{\376\377\137\353\220\037\136\102}{chapter.3}% 9
\BOOKMARK [1][-]{section.3.2}{\376\377\117\115\217\320\173\227}{chapter.3}% 10
\BOOKMARK [2][-]{subsection.3.2.1}{\376\377\000G\000r\000a\000y\000\040\170\001}{section.3.2}% 11
\BOOKMARK [1][-]{section.3.3}{\376\377\145\160\213\272}{chapter.3}% 12
\BOOKMARK [2][-]{subsection.3.3.1}{\376\377\147\000\131\047\121\154\176\246\145\160}{section.3.3}% 13
\BOOKMARK [2][-]{subsection.3.3.2}{\376\377\153\047\121\340\221\314\137\227\173\227\154\325}{section.3.3}% 14
\BOOKMARK [2][-]{subsection.3.3.3}{\376\377\173\133\154\325}{section.3.3}% 15
\BOOKMARK [2][-]{subsection.3.3.4}{\376\377\000E\000X\000C\000R\000T}{section.3.3}% 16
\BOOKMARK [2][-]{subsection.3.3.5}{\376\377\000L\000u\000c\000a\000s}{section.3.3}% 17
\BOOKMARK [2][-]{subsection.3.3.6}{\376\377\000P\000o\000l\000l\000a\000r\000d\000-\000R\000h\000o}{section.3.3}% 18
\BOOKMARK [0][-]{chapter.4}{\376\377\145\160\143\156\176\323\147\204}{}% 19
\BOOKMARK [1][-]{section.4.1}{\376\377\122\250\140\001\150\021}{chapter.4}% 20
\BOOKMARK [2][-]{subsection.4.1.1}{\376\377\000L\000i\000n\000k\000-\000C\000u\000t\000\040\000T\000r\000e\000e}{section.4.1}% 21
\BOOKMARK [0][-]{chapter.5}{\376\377\126\376\213\272}{}% 22
\BOOKMARK [1][-]{section.5.1}{\376\377\165\037\142\020\150\021}{chapter.5}% 23
\BOOKMARK [2][-]{subsection.5.1.1}{\376\377\167\351\226\065\150\021}{section.5.1}% 24
\BOOKMARK [2][-]{subsection.5.1.2}{\376\377\147\000\134\017\165\037\142\020\150\021\213\241\145\160}{section.5.1}% 25
\BOOKMARK [1][-]{section.5.2}{\376\377\177\121\176\334\155\101}{chapter.5}% 26
\BOOKMARK [2][-]{subsection.5.2.1}{\376\377\147\000\131\047\155\101}{section.5.2}% 27
\BOOKMARK [0][-]{chapter.6}{\376\377\121\166\116\326}{}% 28
\BOOKMARK [1][-]{section.6.1}{\376\377\213\373\121\145\217\223\121\372\117\030\123\026}{chapter.6}% 29
